<?xml version="1.0" encoding="utf-8"?><testsuites name="pytest tests"><testsuite name="pytest" errors="0" failures="0" skipped="0" tests="14" time="35.499" timestamp="2026-03-04T05:07:49.791790+00:00" hostname="agent-env-e1d9a6f4-8b94-4847-a7a7-1a061b29923d"><testcase classname="backend.tests.test_section5_transcripts.TestTranscriptsCRUD" name="test_01_login_success" time="1.562" /><testcase classname="backend.tests.test_section5_transcripts.TestTranscriptsCRUD" name="test_02_get_transcripts_empty_or_existing" time="1.117" /><testcase classname="backend.tests.test_section5_transcripts.TestTranscriptsCRUD" name="test_03_create_transcript_basic" time="1.048" /><testcase classname="backend.tests.test_section5_transcripts.TestTranscriptsCRUD" name="test_04_create_transcript_with_new_attendees" time="1.036" /><testcase classname="backend.tests.test_section5_transcripts.TestTranscriptsCRUD" name="test_05_analyze_transcript_ai" time="5.234" /><testcase classname="backend.tests.test_section5_transcripts.TestTranscriptsCRUD" name="test_06_verify_transcript_updated_after_analysis" time="6.764" /><testcase classname="backend.tests.test_section5_transcripts.TestTranscriptsCRUD" name="test_07_new_stakeholder_alert_created" time="6.210" /><testcase classname="backend.tests.test_section5_transcripts.TestNLPHelpers" name="test_08_scheduler_nlp_email_analysis_logs" time="1.068" /><testcase classname="backend.tests.test_section5_transcripts.TestNLPHelpers" name="test_09_scope_creep_alerts_endpoint" time="1.034" /><testcase classname="backend.tests.test_section5_transcripts.TestAuditLogging" name="test_10_audit_log_transcript_create" time="2.472" /><testcase classname="backend.tests.test_section5_transcripts.TestAuditLogging" name="test_11_audit_log_transcript_analysis" time="6.470" /><testcase classname="backend.tests.test_section5_transcripts.TestTranscriptsAuthentication" name="test_12_get_transcripts_requires_auth" time="0.513" /><testcase classname="backend.tests.test_section5_transcripts.TestTranscriptsAuthentication" name="test_13_create_transcript_requires_auth" time="0.406" /><testcase classname="backend.tests.test_section5_transcripts.TestTranscriptsAuthentication" name="test_14_analyze_transcript_requires_auth" time="0.439" /></testsuite></testsuites>