<?xml version="1.0" encoding="utf-8"?><testsuites name="pytest tests"><testsuite name="pytest" errors="0" failures="0" skipped="0" tests="35" time="21.951" timestamp="2026-03-03T11:58:07.918408+00:00" hostname="agent-env-06ff5b1d-a042-45c3-8e3e-42b1bd4f36a6"><testcase classname="backend.tests.test_anka_backend.TestHealthAndAuth" name="test_health_check" time="0.560" /><testcase classname="backend.tests.test_anka_backend.TestHealthAndAuth" name="test_login_valid_credentials" time="0.649" /><testcase classname="backend.tests.test_anka_backend.TestHealthAndAuth" name="test_login_invalid_credentials" time="0.539" /><testcase classname="backend.tests.test_anka_backend.TestHealthAndAuth" name="test_get_current_user" time="1.067" /><testcase classname="backend.tests.test_anka_backend.TestClients" name="test_get_all_clients" time="0.437" /><testcase classname="backend.tests.test_anka_backend.TestClients" name="test_create_client" time="0.417" /><testcase classname="backend.tests.test_anka_backend.TestClients" name="test_get_client_by_id" time="0.827" /><testcase classname="backend.tests.test_anka_backend.TestClients" name="test_update_client" time="0.856" /><testcase classname="backend.tests.test_anka_backend.TestContacts" name="test_get_contacts" time="0.424" /><testcase classname="backend.tests.test_anka_backend.TestContacts" name="test_create_contact" time="0.846" /><testcase classname="backend.tests.test_anka_backend.TestAlerts" name="test_get_alerts" time="0.430" /><testcase classname="backend.tests.test_anka_backend.TestAlerts" name="test_get_active_alerts" time="0.411" /><testcase classname="backend.tests.test_anka_backend.TestAlerts" name="test_create_alert" time="0.823" /><testcase classname="backend.tests.test_anka_backend.TestAlerts" name="test_update_alert_status" time="1.269" /><testcase classname="backend.tests.test_anka_backend.TestAlerts" name="test_snooze_alert" time="1.254" /><testcase classname="backend.tests.test_anka_backend.TestFollowUps" name="test_get_followups" time="0.410" /><testcase classname="backend.tests.test_anka_backend.TestFollowUps" name="test_get_call_list" time="0.432" /><testcase classname="backend.tests.test_anka_backend.TestFollowUps" name="test_create_followup" time="0.846" /><testcase classname="backend.tests.test_anka_backend.TestFollowUps" name="test_update_followup" time="1.287" /><testcase classname="backend.tests.test_anka_backend.TestCommunications" name="test_get_communications" time="0.418" /><testcase classname="backend.tests.test_anka_backend.TestCommunications" name="test_get_draft_communications" time="0.408" /><testcase classname="backend.tests.test_anka_backend.TestCommunications" name="test_create_communication" time="0.845" /><testcase classname="backend.tests.test_anka_backend.TestCommunications" name="test_create_communication_with_phi_scrubbing" time="0.872" /><testcase classname="backend.tests.test_anka_backend.TestPerformance" name="test_get_performance_records" time="0.523" /><testcase classname="backend.tests.test_anka_backend.TestPerformance" name="test_create_performance_record" time="0.844" /><testcase classname="backend.tests.test_anka_backend.TestDashboard" name="test_get_dashboard_metrics" time="0.426" /><testcase classname="backend.tests.test_anka_backend.TestSettings" name="test_get_alert_thresholds" time="0.396" /><testcase classname="backend.tests.test_anka_backend.TestSettings" name="test_set_alert_thresholds" time="0.424" /><testcase classname="backend.tests.test_anka_backend.TestUsers" name="test_get_users" time="0.417" /><testcase classname="backend.tests.test_anka_backend.TestAlertEngine" name="test_check_engagement_gaps" time="0.428" /><testcase classname="backend.tests.test_anka_backend.TestAlertEngine" name="test_check_renewals" time="0.426" /><testcase classname="backend.tests.test_anka_backend.TestAlertEngine" name="test_check_overdue_followups" time="0.418" /><testcase classname="backend.tests.test_anka_backend.TestCRM" name="test_get_crm_contacts" time="0.423" /><testcase classname="backend.tests.test_anka_backend.TestCRM" name="test_get_crm_deals" time="0.411" /><testcase classname="backend.tests.test_anka_backend.TestTemplates" name="test_get_templates" time="0.420" /></testsuite></testsuites>