<?xml version="1.0" encoding="utf-8"?><testsuites name="pytest tests"><testsuite name="pytest" errors="0" failures="0" skipped="0" tests="16" time="9.932" timestamp="2026-03-03T14:05:14.624460+00:00" hostname="agent-env-06ff5b1d-a042-45c3-8e3e-42b1bd4f36a6"><testcase classname="backend.tests.test_phase2_features.TestAuth" name="test_login_cs_lead" time="0.490" /><testcase classname="backend.tests.test_phase2_features.TestTemplates" name="test_get_templates" time="0.472" /><testcase classname="backend.tests.test_phase2_features.TestMarkInnovationBriefed" name="test_mark_innovation_briefed" time="0.514" /><testcase classname="backend.tests.test_phase2_features.TestWeeklySummary" name="test_generate_weekly_summary" time="4.929" /><testcase classname="backend.tests.test_phase2_features.TestPolicyUpdates" name="test_get_policy_updates" time="0.395" /><testcase classname="backend.tests.test_phase2_features.TestPolicyUpdates" name="test_create_policy_update" time="0.055" /><testcase classname="backend.tests.test_phase2_features.TestPolicyUpdates" name="test_generate_policy_alerts" time="0.114" /><testcase classname="backend.tests.test_phase2_features.TestEmailCadences" name="test_get_email_cadences" time="0.405" /><testcase classname="backend.tests.test_phase2_features.TestEmailCadences" name="test_create_email_cadence" time="0.154" /><testcase classname="backend.tests.test_phase2_features.TestEmailCadences" name="test_get_email_cadences_by_client" time="0.137" /><testcase classname="backend.tests.test_phase2_features.TestAuditLogs" name="test_get_audit_logs" time="0.455" /><testcase classname="backend.tests.test_phase2_features.TestAuditLogs" name="test_get_audit_logs_with_filter" time="0.044" /><testcase classname="backend.tests.test_phase2_features.TestFollowUpAuditLogging" name="test_followup_update_creates_audit_log" time="0.493" /><testcase classname="backend.tests.test_phase2_features.TestAlertTypes" name="test_get_alerts" time="0.345" /><testcase classname="backend.tests.test_phase2_features.TestAlertTypes" name="test_get_alerts_by_type" time="0.075" /><testcase classname="backend.tests.test_phase2_features.TestCleanup" name="test_cleanup_test_policies" time="0.714" /></testsuite></testsuites>