<?xml version="1.0" encoding="utf-8"?><testsuites name="pytest tests"><testsuite name="pytest" errors="0" failures="0" skipped="0" tests="14" time="6.365" timestamp="2026-03-03T15:13:59.557946+00:00" hostname="agent-env-06ff5b1d-a042-45c3-8e3e-42b1bd4f36a6"><testcase classname="backend.tests.test_m365_integration.TestM365Integration" name="test_get_integrations_list" time="0.508" /><testcase classname="backend.tests.test_m365_integration.TestM365Integration" name="test_configure_m365_missing_fields" time="0.400" /><testcase classname="backend.tests.test_m365_integration.TestM365Integration" name="test_configure_m365_with_all_fields" time="0.399" /><testcase classname="backend.tests.test_m365_integration.TestM365Integration" name="test_configure_m365_updates_integration_status" time="0.420" /><testcase classname="backend.tests.test_m365_integration.TestM365Integration" name="test_test_connection_with_invalid_credentials" time="0.623" /><testcase classname="backend.tests.test_m365_integration.TestM365Integration" name="test_test_connection_with_incomplete_config_returns_error" time="0.630" /><testcase classname="backend.tests.test_m365_integration.TestM365Integration" name="test_email_threads_m365_not_connected" time="0.404" /><testcase classname="backend.tests.test_m365_integration.TestM365Integration" name="test_email_thread_detail_m365_not_connected" time="0.400" /><testcase classname="backend.tests.test_m365_integration.TestM365Integration" name="test_email_draft_reply_m365_not_connected" time="0.407" /><testcase classname="backend.tests.test_m365_integration.TestM365Integration" name="test_email_send_m365_not_connected" time="0.438" /><testcase classname="backend.tests.test_m365_integration.TestM365Integration" name="test_calendar_events_m365_not_connected" time="0.429" /><testcase classname="backend.tests.test_m365_integration.TestM365Integration" name="test_calendar_create_event_m365_not_connected" time="0.434" /><testcase classname="backend.tests.test_m365_integration.TestM365Integration" name="test_configure_m365_requires_auth" time="0.416" /><testcase classname="backend.tests.test_m365_integration.TestM365Integration" name="test_test_connection_requires_auth" time="0.391" /></testsuite></testsuites>