<?xml version="1.0" encoding="utf-8"?><testsuites name="pytest tests"><testsuite name="pytest" errors="0" failures="0" skipped="0" tests="35" time="5.808" timestamp="2026-03-03T13:25:32.218841+00:00" hostname="agent-env-06ff5b1d-a042-45c3-8e3e-42b1bd4f36a6"><testcase classname="backend.tests.test_anka_backend.TestHealthAndAuth" name="test_health_check" time="0.118" /><testcase classname="backend.tests.test_anka_backend.TestHealthAndAuth" name="test_login_valid_credentials" time="0.310" /><testcase classname="backend.tests.test_anka_backend.TestHealthAndAuth" name="test_login_invalid_credentials" time="0.077" /><testcase classname="backend.tests.test_anka_backend.TestHealthAndAuth" name="test_get_current_user" time="0.401" /><testcase classname="backend.tests.test_anka_backend.TestClients" name="test_get_all_clients" time="0.114" /><testcase classname="backend.tests.test_anka_backend.TestClients" name="test_create_client" time="0.095" /><testcase classname="backend.tests.test_anka_backend.TestClients" name="test_get_client_by_id" time="0.183" /><testcase classname="backend.tests.test_anka_backend.TestClients" name="test_update_client" time="0.222" /><testcase classname="backend.tests.test_anka_backend.TestContacts" name="test_get_contacts" time="0.103" /><testcase classname="backend.tests.test_anka_backend.TestContacts" name="test_create_contact" time="0.205" /><testcase classname="backend.tests.test_anka_backend.TestAlerts" name="test_get_alerts" time="0.081" /><testcase classname="backend.tests.test_anka_backend.TestAlerts" name="test_get_active_alerts" time="0.091" /><testcase classname="backend.tests.test_anka_backend.TestAlerts" name="test_create_alert" time="0.199" /><testcase classname="backend.tests.test_anka_backend.TestAlerts" name="test_update_alert_status" time="0.597" /><testcase classname="backend.tests.test_anka_backend.TestAlerts" name="test_snooze_alert" time="0.384" /><testcase classname="backend.tests.test_anka_backend.TestFollowUps" name="test_get_followups" time="0.088" /><testcase classname="backend.tests.test_anka_backend.TestFollowUps" name="test_get_call_list" time="0.089" /><testcase classname="backend.tests.test_anka_backend.TestFollowUps" name="test_create_followup" time="0.215" /><testcase classname="backend.tests.test_anka_backend.TestFollowUps" name="test_update_followup" time="0.283" /><testcase classname="backend.tests.test_anka_backend.TestCommunications" name="test_get_communications" time="0.092" /><testcase classname="backend.tests.test_anka_backend.TestCommunications" name="test_get_draft_communications" time="0.088" /><testcase classname="backend.tests.test_anka_backend.TestCommunications" name="test_create_communication" time="0.181" /><testcase classname="backend.tests.test_anka_backend.TestCommunications" name="test_create_communication_with_phi_scrubbing" time="0.205" /><testcase classname="backend.tests.test_anka_backend.TestPerformance" name="test_get_performance_records" time="0.088" /><testcase classname="backend.tests.test_anka_backend.TestPerformance" name="test_create_performance_record" time="0.189" /><testcase classname="backend.tests.test_anka_backend.TestDashboard" name="test_get_dashboard_metrics" time="0.100" /><testcase classname="backend.tests.test_anka_backend.TestSettings" name="test_get_alert_thresholds" time="0.079" /><testcase classname="backend.tests.test_anka_backend.TestSettings" name="test_set_alert_thresholds" time="0.097" /><testcase classname="backend.tests.test_anka_backend.TestUsers" name="test_get_users" time="0.120" /><testcase classname="backend.tests.test_anka_backend.TestAlertEngine" name="test_check_engagement_gaps" time="0.151" /><testcase classname="backend.tests.test_anka_backend.TestAlertEngine" name="test_check_renewals" time="0.105" /><testcase classname="backend.tests.test_anka_backend.TestAlertEngine" name="test_check_overdue_followups" time="0.099" /><testcase classname="backend.tests.test_anka_backend.TestCRM" name="test_get_crm_contacts" time="0.099" /><testcase classname="backend.tests.test_anka_backend.TestCRM" name="test_get_crm_deals" time="0.093" /><testcase classname="backend.tests.test_anka_backend.TestTemplates" name="test_get_templates" time="0.098" /></testsuite></testsuites>